<?xml version="1.0" encoding="UTF-8"?>
<testsuite xmlns:xsi="http://www.w3.org/2001/XMLSchema-instance" xsi:noNamespaceSchemaLocation="https://maven.apache.org/surefire/maven-surefire-plugin/xsd/surefire-test-report.xsd" name="com.example.quarkus.OrderServiceTest" time="15.993" tests="1" errors="0" skipped="0" failures="1">
  <properties>
    <property name="sun.desktop" value="windows"/>
    <property name="awt.toolkit" value="sun.awt.windows.WToolkit"/>
    <property name="file.encoding.pkg" value="sun.io"/>
    <property name="java.specification.version" value="1.8"/>
    <property name="sun.cpu.isalist" value="amd64"/>
    <property name="sun.jnu.encoding" value="Cp1252"/>
    <property name="java.class.path" value="C:\Users\jdeshmukh\Desktop\Demos\quarkus_demo\quarkus_demo\target\test-classes;C:\Users\jdeshmukh\Desktop\Demos\quarkus_demo\quarkus_demo\target\classes;C:\Users\jdeshmukh\.m2\repository\io\quarkus\quarkus-resteasy\1.2.0.Final\quarkus-resteasy-1.2.0.Final.jar;C:\Users\jdeshmukh\.m2\repository\io\quarkus\quarkus-vertx-http\1.2.0.Final\quarkus-vertx-http-1.2.0.Final.jar;C:\Users\jdeshmukh\.m2\repository\io\quarkus\security\quarkus-security\1.0.1.Final\quarkus-security-1.0.1.Final.jar;C:\Users\jdeshmukh\.m2\repository\jakarta\enterprise\jakarta.enterprise.cdi-api\2.0.2\jakarta.enterprise.cdi-api-2.0.2.jar;C:\Users\jdeshmukh\.m2\repository\jakarta\el\jakarta.el-api\3.0.3\jakarta.el-api-3.0.3.jar;C:\Users\jdeshmukh\.m2\repository\jakarta\interceptor\jakarta.interceptor-api\1.2.5\jakarta.interceptor-api-1.2.5.jar;C:\Users\jdeshmukh\.m2\repository\io\quarkus\quarkus-vertx-core\1.2.0.Final\quarkus-vertx-core-1.2.0.Final.jar;C:\Users\jdeshmukh\.m2\repository\io\quarkus\quarkus-netty\1.2.0.Final\quarkus-netty-1.2.0.Final.jar;C:\Users\jdeshmukh\.m2\repository\io\netty\netty-codec\4.1.42.Final\netty-codec-4.1.42.Final.jar;C:\Users\jdeshmukh\.m2\repository\io\netty\netty-handler\4.1.42.Final\netty-handler-4.1.42.Final.jar;C:\Users\jdeshmukh\.m2\repository\io\vertx\vertx-core\3.8.4\vertx-core-3.8.4.jar;C:\Users\jdeshmukh\.m2\repository\io\netty\netty-common\4.1.42.Final\netty-common-4.1.42.Final.jar;C:\Users\jdeshmukh\.m2\repository\io\netty\netty-buffer\4.1.42.Final\netty-buffer-4.1.42.Final.jar;C:\Users\jdeshmukh\.m2\repository\io\netty\netty-transport\4.1.42.Final\netty-transport-4.1.42.Final.jar;C:\Users\jdeshmukh\.m2\repository\io\netty\netty-handler-proxy\4.1.42.Final\netty-handler-proxy-4.1.42.Final.jar;C:\Users\jdeshmukh\.m2\repository\io\netty\netty-codec-socks\4.1.42.Final\netty-codec-socks-4.1.42.Final.jar;C:\Users\jdeshmukh\.m2\repository\io\netty\netty-codec-http\4.1.42.Final\netty-codec-http-4.1.42.Final.jar;C:\Users\jdeshmukh\.m2\repository\io\netty\netty-codec-http2\4.1.42.Final\netty-codec-http2-4.1.42.Final.jar;C:\Users\jdeshmukh\.m2\repository\io\netty\netty-resolver\4.1.42.Final\netty-resolver-4.1.42.Final.jar;C:\Users\jdeshmukh\.m2\repository\io\netty\netty-resolver-dns\4.1.42.Final\netty-resolver-dns-4.1.42.Final.jar;C:\Users\jdeshmukh\.m2\repository\io\netty\netty-codec-dns\4.1.42.Final\netty-codec-dns-4.1.42.Final.jar;C:\Users\jdeshmukh\.m2\repository\com\fasterxml\jackson\core\jackson-core\2.10.2\jackson-core-2.10.2.jar;C:\Users\jdeshmukh\.m2\repository\io\vertx\vertx-web\3.8.4\vertx-web-3.8.4.jar;C:\Users\jdeshmukh\.m2\repository\io\vertx\vertx-web-common\3.8.4\vertx-web-common-3.8.4.jar;C:\Users\jdeshmukh\.m2\repository\io\vertx\vertx-auth-common\3.8.4\vertx-auth-common-3.8.4.jar;C:\Users\jdeshmukh\.m2\repository\io\vertx\vertx-bridge-common\3.8.4\vertx-bridge-common-3.8.4.jar;C:\Users\jdeshmukh\.m2\repository\io\quarkus\quarkus-resteasy-server-common\1.2.0.Final\quarkus-resteasy-server-common-1.2.0.Final.jar;C:\Users\jdeshmukh\.m2\repository\io\quarkus\quarkus-resteasy-common\1.2.0.Final\quarkus-resteasy-common-1.2.0.Final.jar;C:\Users\jdeshmukh\.m2\repository\org\jboss\resteasy\resteasy-core\4.4.2.Final\resteasy-core-4.4.2.Final.jar;C:\Users\jdeshmukh\.m2\repository\org\jboss\spec\javax\ws\rs\jboss-jaxrs-api_2.1_spec\2.0.1.Final\jboss-jaxrs-api_2.1_spec-2.0.1.Final.jar;C:\Users\jdeshmukh\.m2\repository\org\jboss\resteasy\resteasy-core-spi\4.4.2.Final\resteasy-core-spi-4.4.2.Final.jar;C:\Users\jdeshmukh\.m2\repository\org\reactivestreams\reactive-streams\1.0.3\reactive-streams-1.0.3.jar;C:\Users\jdeshmukh\.m2\repository\org\eclipse\microprofile\config\microprofile-config-api\1.3\microprofile-config-api-1.3.jar;C:\Users\jdeshmukh\.m2\repository\jakarta\validation\jakarta.validation-api\2.0.2\jakarta.validation-api-2.0.2.jar;C:\Users\jdeshmukh\.m2\repository\io\quarkus\quarkus-resteasy-jsonb\1.2.0.Final\quarkus-resteasy-jsonb-1.2.0.Final.jar;C:\Users\jdeshmukh\.m2\repository\io\quarkus\quarkus-jsonb\1.2.0.Final\quarkus-jsonb-1.2.0.Final.jar;C:\Users\jdeshmukh\.m2\repository\org\eclipse\yasson\1.0.6\yasson-1.0.6.jar;C:\Users\jdeshmukh\.m2\repository\io\quarkus\quarkus-jsonp\1.2.0.Final\quarkus-jsonp-1.2.0.Final.jar;C:\Users\jdeshmukh\.m2\repository\org\jboss\resteasy\resteasy-json-binding-provider\4.4.2.Final\resteasy-json-binding-provider-4.4.2.Final.jar;C:\Users\jdeshmukh\.m2\repository\org\glassfish\jakarta.json\1.1.6\jakarta.json-1.1.6.jar;C:\Users\jdeshmukh\.m2\repository\jakarta\json\bind\jakarta.json.bind-api\1.0.2\jakarta.json.bind-api-1.0.2.jar;C:\Users\jdeshmukh\.m2\repository\org\jboss\logging\jboss-logging\3.3.2.Final\jboss-logging-3.3.2.Final.jar;C:\Users\jdeshmukh\.m2\repository\org\jboss\resteasy\resteasy-json-p-provider\4.4.2.Final\resteasy-json-p-provider-4.4.2.Final.jar;C:\Users\jdeshmukh\.m2\repository\commons-io\commons-io\2.6\commons-io-2.6.jar;C:\Users\jdeshmukh\.m2\repository\io\quarkus\quarkus-junit5\1.2.0.Final\quarkus-junit5-1.2.0.Final.jar;C:\Users\jdeshmukh\.m2\repository\io\quarkus\quarkus-bootstrap-core\1.2.0.Final\quarkus-bootstrap-core-1.2.0.Final.jar;C:\Users\jdeshmukh\.m2\repository\org\apache\maven\maven-embedder\3.5.4\maven-embedder-3.5.4.jar;C:\Users\jdeshmukh\.m2\repository\org\apache\maven\maven-settings\3.5.4\maven-settings-3.5.4.jar;C:\Users\jdeshmukh\.m2\repository\org\apache\maven\maven-core\3.5.4\maven-core-3.5.4.jar;C:\Users\jdeshmukh\.m2\repository\org\apache\maven\maven-artifact\3.5.4\maven-artifact-3.5.4.jar;C:\Users\jdeshmukh\.m2\repository\org\apache\maven\maven-plugin-api\3.5.4\maven-plugin-api-3.5.4.jar;C:\Users\jdeshmukh\.m2\repository\org\apache\maven\maven-model\3.5.4\maven-model-3.5.4.jar;C:\Users\jdeshmukh\.m2\repository\org\apache\maven\maven-model-builder\3.5.4\maven-model-builder-3.5.4.jar;C:\Users\jdeshmukh\.m2\repository\org\apache\maven\maven-builder-support\3.5.4\maven-builder-support-3.5.4.jar;C:\Users\jdeshmukh\.m2\repository\org\apache\maven\resolver\maven-resolver-api\1.1.1\maven-resolver-api-1.1.1.jar;C:\Users\jdeshmukh\.m2\repository\org\apache\maven\resolver\maven-resolver-util\1.1.1\maven-resolver-util-1.1.1.jar;C:\Users\jdeshmukh\.m2\repository\org\apache\maven\shared\maven-shared-utils\3.2.1\maven-shared-utils-3.2.1.jar;C:\Users\jdeshmukh\.m2\repository\com\google\inject\guice\4.2.0\guice-4.2.0-no_aop.jar;C:\Users\jdeshmukh\.m2\repository\aopalliance\aopalliance\1.0\aopalliance-1.0.jar;C:\Users\jdeshmukh\.m2\repository\com\google\guava\guava\27.0.1-jre\guava-27.0.1-jre.jar;C:\Users\jdeshmukh\.m2\repository\com\google\guava\failureaccess\1.0.1\failureaccess-1.0.1.jar;C:\Users\jdeshmukh\.m2\repository\com\google\guava\listenablefuture\9999.0-empty-to-avoid-conflict-with-guava\listenablefuture-9999.0-empty-to-avoid-conflict-with-guava.jar;C:\Users\jdeshmukh\.m2\repository\com\google\code\findbugs\jsr305\3.0.2\jsr305-3.0.2.jar;C:\Users\jdeshmukh\.m2\repository\com\google\j2objc\j2objc-annotations\1.1\j2objc-annotations-1.1.jar;C:\Users\jdeshmukh\.m2\repository\org\codehaus\mojo\animal-sniffer-annotations\1.17\animal-sniffer-annotations-1.17.jar;C:\Users\jdeshmukh\.m2\repository\org\codehaus\plexus\plexus-utils\3.0.24\plexus-utils-3.0.24.jar;C:\Users\jdeshmukh\.m2\repository\org\codehaus\plexus\plexus-classworlds\2.5.2\plexus-classworlds-2.5.2.jar;C:\Users\jdeshmukh\.m2\repository\org\eclipse\sisu\org.eclipse.sisu.plexus\0.3.3\org.eclipse.sisu.plexus-0.3.3.jar;C:\Users\jdeshmukh\.m2\repository\org\codehaus\plexus\plexus-component-annotations\1.7.1\plexus-component-annotations-1.7.1.jar;C:\Users\jdeshmukh\.m2\repository\commons-cli\commons-cli\1.4\commons-cli-1.4.jar;C:\Users\jdeshmukh\.m2\repository\org\apache\maven\maven-settings-builder\3.5.4\maven-settings-builder-3.5.4.jar;C:\Users\jdeshmukh\.m2\repository\org\codehaus\plexus\plexus-interpolation\1.24\plexus-interpolation-1.24.jar;C:\Users\jdeshmukh\.m2\repository\org\sonatype\plexus\plexus-sec-dispatcher\1.4\plexus-sec-dispatcher-1.4.jar;C:\Users\jdeshmukh\.m2\repository\org\sonatype\plexus\plexus-cipher\1.4\plexus-cipher-1.4.jar;C:\Users\jdeshmukh\.m2\repository\org\apache\maven\maven-resolver-provider\3.5.4\maven-resolver-provider-3.5.4.jar;C:\Users\jdeshmukh\.m2\repository\org\apache\maven\maven-repository-metadata\3.5.4\maven-repository-metadata-3.5.4.jar;C:\Users\jdeshmukh\.m2\repository\org\apache\maven\resolver\maven-resolver-spi\1.1.1\maven-resolver-spi-1.1.1.jar;C:\Users\jdeshmukh\.m2\repository\org\apache\maven\resolver\maven-resolver-impl\1.1.1\maven-resolver-impl-1.1.1.jar;C:\Users\jdeshmukh\.m2\repository\org\apache\maven\resolver\maven-resolver-connector-basic\1.1.1\maven-resolver-connector-basic-1.1.1.jar;C:\Users\jdeshmukh\.m2\repository\org\apache\maven\resolver\maven-resolver-transport-wagon\1.1.1\maven-resolver-transport-wagon-1.1.1.jar;C:\Users\jdeshmukh\.m2\repository\org\apache\maven\wagon\wagon-provider-api\3.0.0\wagon-provider-api-3.0.0.jar;C:\Users\jdeshmukh\.m2\repository\org\apache\maven\wagon\wagon-http\3.0.0\wagon-http-3.0.0.jar;C:\Users\jdeshmukh\.m2\repository\org\apache\maven\wagon\wagon-http-shared\3.0.0\wagon-http-shared-3.0.0.jar;C:\Users\jdeshmukh\.m2\repository\org\jsoup\jsoup\1.7.2\jsoup-1.7.2.jar;C:\Users\jdeshmukh\.m2\repository\org\apache\maven\wagon\wagon-file\3.0.0\wagon-file-3.0.0.jar;C:\Users\jdeshmukh\.m2\repository\org\jboss\logging\commons-logging-jboss-logging\1.0.0.Final\commons-logging-jboss-logging-1.0.0.Final.jar;C:\Users\jdeshmukh\.m2\repository\io\quarkus\quarkus-test-common\1.2.0.Final\quarkus-test-common-1.2.0.Final.jar;C:\Users\jdeshmukh\.m2\repository\io\quarkus\quarkus-core-deployment\1.2.0.Final\quarkus-core-deployment-1.2.0.Final.jar;C:\Users\jdeshmukh\.m2\repository\io\quarkus\gizmo\gizmo\1.0.1.Final\gizmo-1.0.1.Final.jar;C:\Users\jdeshmukh\.m2\repository\org\ow2\asm\asm-util\7.1\asm-util-7.1.jar;C:\Users\jdeshmukh\.m2\repository\org\ow2\asm\asm-tree\7.1\asm-tree-7.1.jar;C:\Users\jdeshmukh\.m2\repository\org\ow2\asm\asm-analysis\7.1\asm-analysis-7.1.jar;C:\Users\jdeshmukh\.m2\repository\org\ow2\asm\asm\7.1\asm-7.1.jar;C:\Users\jdeshmukh\.m2\repository\io\quarkus\quarkus-builder\1.2.0.Final\quarkus-builder-1.2.0.Final.jar;C:\Users\jdeshmukh\.m2\repository\io\quarkus\quarkus-jsonp-deployment\1.2.0.Final\quarkus-jsonp-deployment-1.2.0.Final.jar;C:\Users\jdeshmukh\.m2\repository\org\jboss\jandex\2.1.2.Final\jandex-2.1.2.Final.jar;C:\Users\jdeshmukh\.m2\repository\org\junit\jupiter\junit-jupiter\5.5.2\junit-jupiter-5.5.2.jar;C:\Users\jdeshmukh\.m2\repository\org\junit\jupiter\junit-jupiter-api\5.5.2\junit-jupiter-api-5.5.2.jar;C:\Users\jdeshmukh\.m2\repository\org\apiguardian\apiguardian-api\1.1.0\apiguardian-api-1.1.0.jar;C:\Users\jdeshmukh\.m2\repository\org\opentest4j\opentest4j\1.2.0\opentest4j-1.2.0.jar;C:\Users\jdeshmukh\.m2\repository\org\junit\platform\junit-platform-commons\1.5.2\junit-platform-commons-1.5.2.jar;C:\Users\jdeshmukh\.m2\repository\org\junit\jupiter\junit-jupiter-params\5.5.2\junit-jupiter-params-5.5.2.jar;C:\Users\jdeshmukh\.m2\repository\org\junit\jupiter\junit-jupiter-engine\5.5.2\junit-jupiter-engine-5.5.2.jar;C:\Users\jdeshmukh\.m2\repository\org\junit\platform\junit-platform-engine\1.5.2\junit-platform-engine-1.5.2.jar;C:\Users\jdeshmukh\.m2\repository\io\quarkus\quarkus-core\1.2.0.Final\quarkus-core-1.2.0.Final.jar;C:\Users\jdeshmukh\.m2\repository\jakarta\annotation\jakarta.annotation-api\1.3.5\jakarta.annotation-api-1.3.5.jar;C:\Users\jdeshmukh\.m2\repository\jakarta\inject\jakarta.inject-api\1.0\jakarta.inject-api-1.0.jar;C:\Users\jdeshmukh\.m2\repository\io\smallrye\config\smallrye-config\1.5.1\smallrye-config-1.5.1.jar;C:\Users\jdeshmukh\.m2\repository\io\smallrye\config\smallrye-config-common\1.5.1\smallrye-config-common-1.5.1.jar;C:\Users\jdeshmukh\.m2\repository\org\jboss\logmanager\jboss-logmanager-embedded\1.0.4\jboss-logmanager-embedded-1.0.4.jar;C:\Users\jdeshmukh\.m2\repository\org\jboss\logging\jboss-logging-annotations\2.1.0.Final\jboss-logging-annotations-2.1.0.Final.jar;C:\Users\jdeshmukh\.m2\repository\org\jboss\threads\jboss-threads\3.0.0.Final\jboss-threads-3.0.0.Final.jar;C:\Users\jdeshmukh\.m2\repository\org\slf4j\slf4j-api\1.7.29\slf4j-api-1.7.29.jar;C:\Users\jdeshmukh\.m2\repository\org\jboss\slf4j\slf4j-jboss-logging\1.2.0.Final\slf4j-jboss-logging-1.2.0.Final.jar;C:\Users\jdeshmukh\.m2\repository\org\graalvm\sdk\graal-sdk\19.2.1\graal-sdk-19.2.1.jar;C:\Users\jdeshmukh\.m2\repository\org\wildfly\common\wildfly-common\1.5.0.Final-format-001\wildfly-common-1.5.0.Final-format-001.jar;C:\Users\jdeshmukh\.m2\repository\io\rest-assured\rest-assured\4.1.2\rest-assured-4.1.2.jar;C:\Users\jdeshmukh\.m2\repository\org\codehaus\groovy\groovy\2.5.8\groovy-2.5.8.jar;C:\Users\jdeshmukh\.m2\repository\org\codehaus\groovy\groovy-xml\2.5.8\groovy-xml-2.5.8.jar;C:\Users\jdeshmukh\.m2\repository\org\apache\httpcomponents\httpclient\4.5.10\httpclient-4.5.10.jar;C:\Users\jdeshmukh\.m2\repository\org\apache\httpcomponents\httpcore\4.4.13\httpcore-4.4.13.jar;C:\Users\jdeshmukh\.m2\repository\commons-codec\commons-codec\1.13\commons-codec-1.13.jar;C:\Users\jdeshmukh\.m2\repository\org\apache\httpcomponents\httpmime\4.5.3\httpmime-4.5.3.jar;C:\Users\jdeshmukh\.m2\repository\org\hamcrest\hamcrest\2.1\hamcrest-2.1.jar;C:\Users\jdeshmukh\.m2\repository\org\ccil\cowan\tagsoup\tagsoup\1.2.1\tagsoup-1.2.1.jar;C:\Users\jdeshmukh\.m2\repository\io\rest-assured\json-path\4.1.2\json-path-4.1.2.jar;C:\Users\jdeshmukh\.m2\repository\org\codehaus\groovy\groovy-json\2.5.8\groovy-json-2.5.8.jar;C:\Users\jdeshmukh\.m2\repository\io\rest-assured\rest-assured-common\4.1.2\rest-assured-common-4.1.2.jar;C:\Users\jdeshmukh\.m2\repository\io\rest-assured\xml-path\4.1.2\xml-path-4.1.2.jar;C:\Users\jdeshmukh\.m2\repository\org\apache\commons\commons-lang3\3.9\commons-lang3-3.9.jar;C:\Users\jdeshmukh\.m2\repository\javax\xml\bind\jaxb-api\2.3.1\jaxb-api-2.3.1.jar;C:\Users\jdeshmukh\.m2\repository\org\apache\sling\org.apache.sling.javax.activation\0.1.0\org.apache.sling.javax.activation-0.1.0.jar;C:\Users\jdeshmukh\.m2\repository\io\quarkus\quarkus-hibernate-orm\1.2.0.Final\quarkus-hibernate-orm-1.2.0.Final.jar;C:\Users\jdeshmukh\.m2\repository\io\quarkus\quarkus-agroal\1.2.0.Final\quarkus-agroal-1.2.0.Final.jar;C:\Users\jdeshmukh\.m2\repository\org\jboss\narayana\jta\narayana-jta\5.10.0.Final\narayana-jta-5.10.0.Final.jar;C:\Users\jdeshmukh\.m2\repository\org\jboss\jboss-transaction-spi\7.6.0.Final\jboss-transaction-spi-7.6.0.Final.jar;C:\Users\jdeshmukh\.m2\repository\org\jboss\spec\javax\resource\jboss-connector-api_1.7_spec\1.0.0.Final\jboss-connector-api_1.7_spec-1.0.0.Final.jar;C:\Users\jdeshmukh\.m2\repository\org\jboss\narayana\jts\narayana-jts-integration\5.10.0.Final\narayana-jts-integration-5.10.0.Final.jar;C:\Users\jdeshmukh\.m2\repository\io\agroal\agroal-api\1.7\agroal-api-1.7.jar;C:\Users\jdeshmukh\.m2\repository\io\agroal\agroal-narayana\1.7\agroal-narayana-1.7.jar;C:\Users\jdeshmukh\.m2\repository\io\agroal\agroal-pool\1.7\agroal-pool-1.7.jar;C:\Users\jdeshmukh\.m2\repository\io\quarkus\quarkus-vault-spi\1.2.0.Final\quarkus-vault-spi-1.2.0.Final.jar;C:\Users\jdeshmukh\.m2\repository\io\quarkus\quarkus-narayana-jta\1.2.0.Final\quarkus-narayana-jta-1.2.0.Final.jar;C:\Users\jdeshmukh\.m2\repository\io\smallrye\reactive\smallrye-reactive-streams-operators\1.0.10\smallrye-reactive-streams-operators-1.0.10.jar;C:\Users\jdeshmukh\.m2\repository\org\eclipse\microprofile\reactive-streams-operators\microprofile-reactive-streams-operators-api\1.0\microprofile-reactive-streams-operators-api-1.0.jar;C:\Users\jdeshmukh\.m2\repository\org\eclipse\microprofile\reactive-streams-operators\microprofile-reactive-streams-operators-core\1.0\microprofile-reactive-streams-operators-core-1.0.jar;C:\Users\jdeshmukh\.m2\repository\io\reactivex\rxjava2\rxjava\2.2.17\rxjava-2.2.17.jar;C:\Users\jdeshmukh\.m2\repository\io\smallrye\smallrye-context-propagation-jta\1.0.11\smallrye-context-propagation-jta-1.0.11.jar;C:\Users\jdeshmukh\.m2\repository\io\smallrye\reactive\smallrye-reactive-converter-api\1.0.10\smallrye-reactive-converter-api-1.0.10.jar;C:\Users\jdeshmukh\.m2\repository\org\hibernate\hibernate-core\5.4.10.Final\hibernate-core-5.4.10.Final.jar;C:\Users\jdeshmukh\.m2\repository\net\bytebuddy\byte-buddy\1.10.2\byte-buddy-1.10.2.jar;C:\Users\jdeshmukh\.m2\repository\antlr\antlr\2.7.7\antlr-2.7.7.jar;C:\Users\jdeshmukh\.m2\repository\com\fasterxml\classmate\1.3.4\classmate-1.3.4.jar;C:\Users\jdeshmukh\.m2\repository\org\dom4j\dom4j\2.1.1\dom4j-2.1.1.jar;C:\Users\jdeshmukh\.m2\repository\org\hibernate\common\hibernate-commons-annotations\5.1.0.Final\hibernate-commons-annotations-5.1.0.Final.jar;C:\Users\jdeshmukh\.m2\repository\org\glassfish\jaxb\jaxb-runtime\2.3.3-b01\jaxb-runtime-2.3.3-b01.jar;C:\Users\jdeshmukh\.m2\repository\org\glassfish\jaxb\txw2\2.3.3-b01\txw2-2.3.3-b01.jar;C:\Users\jdeshmukh\.m2\repository\com\sun\istack\istack-commons-runtime\3.0.10\istack-commons-runtime-3.0.10.jar;C:\Users\jdeshmukh\.m2\repository\com\sun\activation\jakarta.activation\1.2.1\jakarta.activation-1.2.1.jar;C:\Users\jdeshmukh\.m2\repository\org\jboss\spec\javax\xml\bind\jboss-jaxb-api_2.3_spec\2.0.0.Final\jboss-jaxb-api_2.3_spec-2.0.0.Final.jar;C:\Users\jdeshmukh\.m2\repository\jakarta\persistence\jakarta.persistence-api\2.2.3\jakarta.persistence-api-2.2.3.jar;C:\Users\jdeshmukh\.m2\repository\jakarta\transaction\jakarta.transaction-api\1.3.3\jakarta.transaction-api-1.3.3.jar;C:\Users\jdeshmukh\.m2\repository\org\hibernate\quarkus-local-cache\0.1.0\quarkus-local-cache-0.1.0.jar;C:\Users\jdeshmukh\.m2\repository\com\github\ben-manes\caffeine\caffeine\2.8.0\caffeine-2.8.0.jar;C:\Users\jdeshmukh\.m2\repository\org\checkerframework\checker-qual\2.5.2\checker-qual-2.5.2.jar;C:\Users\jdeshmukh\.m2\repository\com\google\errorprone\error_prone_annotations\2.2.0\error_prone_annotations-2.2.0.jar;C:\Users\jdeshmukh\.m2\repository\io\quarkus\quarkus-caffeine\1.2.0.Final\quarkus-caffeine-1.2.0.Final.jar;C:\Users\jdeshmukh\.m2\repository\io\quarkus\quarkus-hibernate-validator\1.2.0.Final\quarkus-hibernate-validator-1.2.0.Final.jar;C:\Users\jdeshmukh\.m2\repository\io\quarkus\quarkus-arc\1.2.0.Final\quarkus-arc-1.2.0.Final.jar;C:\Users\jdeshmukh\.m2\repository\io\quarkus\arc\arc\1.2.0.Final\arc-1.2.0.Final.jar;C:\Users\jdeshmukh\.m2\repository\org\eclipse\microprofile\context-propagation\microprofile-context-propagation-api\1.0.1\microprofile-context-propagation-api-1.0.1.jar;C:\Users\jdeshmukh\.m2\repository\org\hibernate\validator\hibernate-validator\6.1.1.Final\hibernate-validator-6.1.1.Final.jar;C:\Users\jdeshmukh\.m2\repository\org\glassfish\jakarta.el\3.0.3\jakarta.el-3.0.3.jar;C:\Users\jdeshmukh\.m2\repository\io\quarkus\quarkus-hibernate-orm-panache\1.2.0.Final\quarkus-hibernate-orm-panache-1.2.0.Final.jar;C:\Users\jdeshmukh\.m2\repository\io\quarkus\quarkus-panache-common\1.2.0.Final\quarkus-panache-common-1.2.0.Final.jar;C:\Users\jdeshmukh\.m2\repository\io\quarkus\quarkus-jdbc-h2\1.2.0.Final\quarkus-jdbc-h2-1.2.0.Final.jar;C:\Users\jdeshmukh\.m2\repository\com\h2database\h2\1.4.197\h2-1.4.197.jar;C:\Users\jdeshmukh\.m2\repository\org\locationtech\jts\jts-core\1.15.0\jts-core-1.15.0.jar;C:\Users\jdeshmukh\.m2\repository\io\quarkus\quarkus-test-h2\1.2.0.Final\quarkus-test-h2-1.2.0.Final.jar;"/>
    <property name="java.vm.vendor" value="Oracle Corporation"/>
    <property name="sun.arch.data.model" value="64"/>
    <property name="user.variant" value=""/>
    <property name="java.vendor.url" value="http://java.oracle.com/"/>
    <property name="user.timezone" value="America/New_York"/>
    <property name="java.vm.specification.version" value="1.8"/>
    <property name="os.name" value="Windows 10"/>
    <property name="user.country" value="US"/>
    <property name="sun.java.launcher" value="SUN_STANDARD"/>
    <property name="sun.boot.library.path" value="C:\My Drive\Softwares\jdk1.8.0_60\jdk1.8.0_60\jre\bin"/>
    <property name="sun.java.command" value="C:\Users\JDESHM~1\AppData\Local\Temp\surefire4633878758937808758\surefirebooter2205188833710261840.jar C:\Users\jdeshmukh\AppData\Local\Temp\surefire4633878758937808758 2020-02-21T22-34-32_816-jvmRun1 surefire8027402230957478995tmp surefire_04318017817798288485tmp"/>
    <property name="surefire.test.class.path" value="C:\Users\jdeshmukh\Desktop\Demos\quarkus_demo\quarkus_demo\target\test-classes;C:\Users\jdeshmukh\Desktop\Demos\quarkus_demo\quarkus_demo\target\classes;C:\Users\jdeshmukh\.m2\repository\io\quarkus\quarkus-resteasy\1.2.0.Final\quarkus-resteasy-1.2.0.Final.jar;C:\Users\jdeshmukh\.m2\repository\io\quarkus\quarkus-vertx-http\1.2.0.Final\quarkus-vertx-http-1.2.0.Final.jar;C:\Users\jdeshmukh\.m2\repository\io\quarkus\security\quarkus-security\1.0.1.Final\quarkus-security-1.0.1.Final.jar;C:\Users\jdeshmukh\.m2\repository\jakarta\enterprise\jakarta.enterprise.cdi-api\2.0.2\jakarta.enterprise.cdi-api-2.0.2.jar;C:\Users\jdeshmukh\.m2\repository\jakarta\el\jakarta.el-api\3.0.3\jakarta.el-api-3.0.3.jar;C:\Users\jdeshmukh\.m2\repository\jakarta\interceptor\jakarta.interceptor-api\1.2.5\jakarta.interceptor-api-1.2.5.jar;C:\Users\jdeshmukh\.m2\repository\io\quarkus\quarkus-vertx-core\1.2.0.Final\quarkus-vertx-core-1.2.0.Final.jar;C:\Users\jdeshmukh\.m2\repository\io\quarkus\quarkus-netty\1.2.0.Final\quarkus-netty-1.2.0.Final.jar;C:\Users\jdeshmukh\.m2\repository\io\netty\netty-codec\4.1.42.Final\netty-codec-4.1.42.Final.jar;C:\Users\jdeshmukh\.m2\repository\io\netty\netty-handler\4.1.42.Final\netty-handler-4.1.42.Final.jar;C:\Users\jdeshmukh\.m2\repository\io\vertx\vertx-core\3.8.4\vertx-core-3.8.4.jar;C:\Users\jdeshmukh\.m2\repository\io\netty\netty-common\4.1.42.Final\netty-common-4.1.42.Final.jar;C:\Users\jdeshmukh\.m2\repository\io\netty\netty-buffer\4.1.42.Final\netty-buffer-4.1.42.Final.jar;C:\Users\jdeshmukh\.m2\repository\io\netty\netty-transport\4.1.42.Final\netty-transport-4.1.42.Final.jar;C:\Users\jdeshmukh\.m2\repository\io\netty\netty-handler-proxy\4.1.42.Final\netty-handler-proxy-4.1.42.Final.jar;C:\Users\jdeshmukh\.m2\repository\io\netty\netty-codec-socks\4.1.42.Final\netty-codec-socks-4.1.42.Final.jar;C:\Users\jdeshmukh\.m2\repository\io\netty\netty-codec-http\4.1.42.Final\netty-codec-http-4.1.42.Final.jar;C:\Users\jdeshmukh\.m2\repository\io\netty\netty-codec-http2\4.1.42.Final\netty-codec-http2-4.1.42.Final.jar;C:\Users\jdeshmukh\.m2\repository\io\netty\netty-resolver\4.1.42.Final\netty-resolver-4.1.42.Final.jar;C:\Users\jdeshmukh\.m2\repository\io\netty\netty-resolver-dns\4.1.42.Final\netty-resolver-dns-4.1.42.Final.jar;C:\Users\jdeshmukh\.m2\repository\io\netty\netty-codec-dns\4.1.42.Final\netty-codec-dns-4.1.42.Final.jar;C:\Users\jdeshmukh\.m2\repository\com\fasterxml\jackson\core\jackson-core\2.10.2\jackson-core-2.10.2.jar;C:\Users\jdeshmukh\.m2\repository\io\vertx\vertx-web\3.8.4\vertx-web-3.8.4.jar;C:\Users\jdeshmukh\.m2\repository\io\vertx\vertx-web-common\3.8.4\vertx-web-common-3.8.4.jar;C:\Users\jdeshmukh\.m2\repository\io\vertx\vertx-auth-common\3.8.4\vertx-auth-common-3.8.4.jar;C:\Users\jdeshmukh\.m2\repository\io\vertx\vertx-bridge-common\3.8.4\vertx-bridge-common-3.8.4.jar;C:\Users\jdeshmukh\.m2\repository\io\quarkus\quarkus-resteasy-server-common\1.2.0.Final\quarkus-resteasy-server-common-1.2.0.Final.jar;C:\Users\jdeshmukh\.m2\repository\io\quarkus\quarkus-resteasy-common\1.2.0.Final\quarkus-resteasy-common-1.2.0.Final.jar;C:\Users\jdeshmukh\.m2\repository\org\jboss\resteasy\resteasy-core\4.4.2.Final\resteasy-core-4.4.2.Final.jar;C:\Users\jdeshmukh\.m2\repository\org\jboss\spec\javax\ws\rs\jboss-jaxrs-api_2.1_spec\2.0.1.Final\jboss-jaxrs-api_2.1_spec-2.0.1.Final.jar;C:\Users\jdeshmukh\.m2\repository\org\jboss\resteasy\resteasy-core-spi\4.4.2.Final\resteasy-core-spi-4.4.2.Final.jar;C:\Users\jdeshmukh\.m2\repository\org\reactivestreams\reactive-streams\1.0.3\reactive-streams-1.0.3.jar;C:\Users\jdeshmukh\.m2\repository\org\eclipse\microprofile\config\microprofile-config-api\1.3\microprofile-config-api-1.3.jar;C:\Users\jdeshmukh\.m2\repository\jakarta\validation\jakarta.validation-api\2.0.2\jakarta.validation-api-2.0.2.jar;C:\Users\jdeshmukh\.m2\repository\io\quarkus\quarkus-resteasy-jsonb\1.2.0.Final\quarkus-resteasy-jsonb-1.2.0.Final.jar;C:\Users\jdeshmukh\.m2\repository\io\quarkus\quarkus-jsonb\1.2.0.Final\quarkus-jsonb-1.2.0.Final.jar;C:\Users\jdeshmukh\.m2\repository\org\eclipse\yasson\1.0.6\yasson-1.0.6.jar;C:\Users\jdeshmukh\.m2\repository\io\quarkus\quarkus-jsonp\1.2.0.Final\quarkus-jsonp-1.2.0.Final.jar;C:\Users\jdeshmukh\.m2\repository\org\jboss\resteasy\resteasy-json-binding-provider\4.4.2.Final\resteasy-json-binding-provider-4.4.2.Final.jar;C:\Users\jdeshmukh\.m2\repository\org\glassfish\jakarta.json\1.1.6\jakarta.json-1.1.6.jar;C:\Users\jdeshmukh\.m2\repository\jakarta\json\bind\jakarta.json.bind-api\1.0.2\jakarta.json.bind-api-1.0.2.jar;C:\Users\jdeshmukh\.m2\repository\org\jboss\logging\jboss-logging\3.3.2.Final\jboss-logging-3.3.2.Final.jar;C:\Users\jdeshmukh\.m2\repository\org\jboss\resteasy\resteasy-json-p-provider\4.4.2.Final\resteasy-json-p-provider-4.4.2.Final.jar;C:\Users\jdeshmukh\.m2\repository\commons-io\commons-io\2.6\commons-io-2.6.jar;C:\Users\jdeshmukh\.m2\repository\io\quarkus\quarkus-junit5\1.2.0.Final\quarkus-junit5-1.2.0.Final.jar;C:\Users\jdeshmukh\.m2\repository\io\quarkus\quarkus-bootstrap-core\1.2.0.Final\quarkus-bootstrap-core-1.2.0.Final.jar;C:\Users\jdeshmukh\.m2\repository\org\apache\maven\maven-embedder\3.5.4\maven-embedder-3.5.4.jar;C:\Users\jdeshmukh\.m2\repository\org\apache\maven\maven-settings\3.5.4\maven-settings-3.5.4.jar;C:\Users\jdeshmukh\.m2\repository\org\apache\maven\maven-core\3.5.4\maven-core-3.5.4.jar;C:\Users\jdeshmukh\.m2\repository\org\apache\maven\maven-artifact\3.5.4\maven-artifact-3.5.4.jar;C:\Users\jdeshmukh\.m2\repository\org\apache\maven\maven-plugin-api\3.5.4\maven-plugin-api-3.5.4.jar;C:\Users\jdeshmukh\.m2\repository\org\apache\maven\maven-model\3.5.4\maven-model-3.5.4.jar;C:\Users\jdeshmukh\.m2\repository\org\apache\maven\maven-model-builder\3.5.4\maven-model-builder-3.5.4.jar;C:\Users\jdeshmukh\.m2\repository\org\apache\maven\maven-builder-support\3.5.4\maven-builder-support-3.5.4.jar;C:\Users\jdeshmukh\.m2\repository\org\apache\maven\resolver\maven-resolver-api\1.1.1\maven-resolver-api-1.1.1.jar;C:\Users\jdeshmukh\.m2\repository\org\apache\maven\resolver\maven-resolver-util\1.1.1\maven-resolver-util-1.1.1.jar;C:\Users\jdeshmukh\.m2\repository\org\apache\maven\shared\maven-shared-utils\3.2.1\maven-shared-utils-3.2.1.jar;C:\Users\jdeshmukh\.m2\repository\com\google\inject\guice\4.2.0\guice-4.2.0-no_aop.jar;C:\Users\jdeshmukh\.m2\repository\aopalliance\aopalliance\1.0\aopalliance-1.0.jar;C:\Users\jdeshmukh\.m2\repository\com\google\guava\guava\27.0.1-jre\guava-27.0.1-jre.jar;C:\Users\jdeshmukh\.m2\repository\com\google\guava\failureaccess\1.0.1\failureaccess-1.0.1.jar;C:\Users\jdeshmukh\.m2\repository\com\google\guava\listenablefuture\9999.0-empty-to-avoid-conflict-with-guava\listenablefuture-9999.0-empty-to-avoid-conflict-with-guava.jar;C:\Users\jdeshmukh\.m2\repository\com\google\code\findbugs\jsr305\3.0.2\jsr305-3.0.2.jar;C:\Users\jdeshmukh\.m2\repository\com\google\j2objc\j2objc-annotations\1.1\j2objc-annotations-1.1.jar;C:\Users\jdeshmukh\.m2\repository\org\codehaus\mojo\animal-sniffer-annotations\1.17\animal-sniffer-annotations-1.17.jar;C:\Users\jdeshmukh\.m2\repository\org\codehaus\plexus\plexus-utils\3.0.24\plexus-utils-3.0.24.jar;C:\Users\jdeshmukh\.m2\repository\org\codehaus\plexus\plexus-classworlds\2.5.2\plexus-classworlds-2.5.2.jar;C:\Users\jdeshmukh\.m2\repository\org\eclipse\sisu\org.eclipse.sisu.plexus\0.3.3\org.eclipse.sisu.plexus-0.3.3.jar;C:\Users\jdeshmukh\.m2\repository\org\codehaus\plexus\plexus-component-annotations\1.7.1\plexus-component-annotations-1.7.1.jar;C:\Users\jdeshmukh\.m2\repository\commons-cli\commons-cli\1.4\commons-cli-1.4.jar;C:\Users\jdeshmukh\.m2\repository\org\apache\maven\maven-settings-builder\3.5.4\maven-settings-builder-3.5.4.jar;C:\Users\jdeshmukh\.m2\repository\org\codehaus\plexus\plexus-interpolation\1.24\plexus-interpolation-1.24.jar;C:\Users\jdeshmukh\.m2\repository\org\sonatype\plexus\plexus-sec-dispatcher\1.4\plexus-sec-dispatcher-1.4.jar;C:\Users\jdeshmukh\.m2\repository\org\sonatype\plexus\plexus-cipher\1.4\plexus-cipher-1.4.jar;C:\Users\jdeshmukh\.m2\repository\org\apache\maven\maven-resolver-provider\3.5.4\maven-resolver-provider-3.5.4.jar;C:\Users\jdeshmukh\.m2\repository\org\apache\maven\maven-repository-metadata\3.5.4\maven-repository-metadata-3.5.4.jar;C:\Users\jdeshmukh\.m2\repository\org\apache\maven\resolver\maven-resolver-spi\1.1.1\maven-resolver-spi-1.1.1.jar;C:\Users\jdeshmukh\.m2\repository\org\apache\maven\resolver\maven-resolver-impl\1.1.1\maven-resolver-impl-1.1.1.jar;C:\Users\jdeshmukh\.m2\repository\org\apache\maven\resolver\maven-resolver-connector-basic\1.1.1\maven-resolver-connector-basic-1.1.1.jar;C:\Users\jdeshmukh\.m2\repository\org\apache\maven\resolver\maven-resolver-transport-wagon\1.1.1\maven-resolver-transport-wagon-1.1.1.jar;C:\Users\jdeshmukh\.m2\repository\org\apache\maven\wagon\wagon-provider-api\3.0.0\wagon-provider-api-3.0.0.jar;C:\Users\jdeshmukh\.m2\repository\org\apache\maven\wagon\wagon-http\3.0.0\wagon-http-3.0.0.jar;C:\Users\jdeshmukh\.m2\repository\org\apache\maven\wagon\wagon-http-shared\3.0.0\wagon-http-shared-3.0.0.jar;C:\Users\jdeshmukh\.m2\repository\org\jsoup\jsoup\1.7.2\jsoup-1.7.2.jar;C:\Users\jdeshmukh\.m2\repository\org\apache\maven\wagon\wagon-file\3.0.0\wagon-file-3.0.0.jar;C:\Users\jdeshmukh\.m2\repository\org\jboss\logging\commons-logging-jboss-logging\1.0.0.Final\commons-logging-jboss-logging-1.0.0.Final.jar;C:\Users\jdeshmukh\.m2\repository\io\quarkus\quarkus-test-common\1.2.0.Final\quarkus-test-common-1.2.0.Final.jar;C:\Users\jdeshmukh\.m2\repository\io\quarkus\quarkus-core-deployment\1.2.0.Final\quarkus-core-deployment-1.2.0.Final.jar;C:\Users\jdeshmukh\.m2\repository\io\quarkus\gizmo\gizmo\1.0.1.Final\gizmo-1.0.1.Final.jar;C:\Users\jdeshmukh\.m2\repository\org\ow2\asm\asm-util\7.1\asm-util-7.1.jar;C:\Users\jdeshmukh\.m2\repository\org\ow2\asm\asm-tree\7.1\asm-tree-7.1.jar;C:\Users\jdeshmukh\.m2\repository\org\ow2\asm\asm-analysis\7.1\asm-analysis-7.1.jar;C:\Users\jdeshmukh\.m2\repository\org\ow2\asm\asm\7.1\asm-7.1.jar;C:\Users\jdeshmukh\.m2\repository\io\quarkus\quarkus-builder\1.2.0.Final\quarkus-builder-1.2.0.Final.jar;C:\Users\jdeshmukh\.m2\repository\io\quarkus\quarkus-jsonp-deployment\1.2.0.Final\quarkus-jsonp-deployment-1.2.0.Final.jar;C:\Users\jdeshmukh\.m2\repository\org\jboss\jandex\2.1.2.Final\jandex-2.1.2.Final.jar;C:\Users\jdeshmukh\.m2\repository\org\junit\jupiter\junit-jupiter\5.5.2\junit-jupiter-5.5.2.jar;C:\Users\jdeshmukh\.m2\repository\org\junit\jupiter\junit-jupiter-api\5.5.2\junit-jupiter-api-5.5.2.jar;C:\Users\jdeshmukh\.m2\repository\org\apiguardian\apiguardian-api\1.1.0\apiguardian-api-1.1.0.jar;C:\Users\jdeshmukh\.m2\repository\org\opentest4j\opentest4j\1.2.0\opentest4j-1.2.0.jar;C:\Users\jdeshmukh\.m2\repository\org\junit\platform\junit-platform-commons\1.5.2\junit-platform-commons-1.5.2.jar;C:\Users\jdeshmukh\.m2\repository\org\junit\jupiter\junit-jupiter-params\5.5.2\junit-jupiter-params-5.5.2.jar;C:\Users\jdeshmukh\.m2\repository\org\junit\jupiter\junit-jupiter-engine\5.5.2\junit-jupiter-engine-5.5.2.jar;C:\Users\jdeshmukh\.m2\repository\org\junit\platform\junit-platform-engine\1.5.2\junit-platform-engine-1.5.2.jar;C:\Users\jdeshmukh\.m2\repository\io\quarkus\quarkus-core\1.2.0.Final\quarkus-core-1.2.0.Final.jar;C:\Users\jdeshmukh\.m2\repository\jakarta\annotation\jakarta.annotation-api\1.3.5\jakarta.annotation-api-1.3.5.jar;C:\Users\jdeshmukh\.m2\repository\jakarta\inject\jakarta.inject-api\1.0\jakarta.inject-api-1.0.jar;C:\Users\jdeshmukh\.m2\repository\io\smallrye\config\smallrye-config\1.5.1\smallrye-config-1.5.1.jar;C:\Users\jdeshmukh\.m2\repository\io\smallrye\config\smallrye-config-common\1.5.1\smallrye-config-common-1.5.1.jar;C:\Users\jdeshmukh\.m2\repository\org\jboss\logmanager\jboss-logmanager-embedded\1.0.4\jboss-logmanager-embedded-1.0.4.jar;C:\Users\jdeshmukh\.m2\repository\org\jboss\logging\jboss-logging-annotations\2.1.0.Final\jboss-logging-annotations-2.1.0.Final.jar;C:\Users\jdeshmukh\.m2\repository\org\jboss\threads\jboss-threads\3.0.0.Final\jboss-threads-3.0.0.Final.jar;C:\Users\jdeshmukh\.m2\repository\org\slf4j\slf4j-api\1.7.29\slf4j-api-1.7.29.jar;C:\Users\jdeshmukh\.m2\repository\org\jboss\slf4j\slf4j-jboss-logging\1.2.0.Final\slf4j-jboss-logging-1.2.0.Final.jar;C:\Users\jdeshmukh\.m2\repository\org\graalvm\sdk\graal-sdk\19.2.1\graal-sdk-19.2.1.jar;C:\Users\jdeshmukh\.m2\repository\org\wildfly\common\wildfly-common\1.5.0.Final-format-001\wildfly-common-1.5.0.Final-format-001.jar;C:\Users\jdeshmukh\.m2\repository\io\rest-assured\rest-assured\4.1.2\rest-assured-4.1.2.jar;C:\Users\jdeshmukh\.m2\repository\org\codehaus\groovy\groovy\2.5.8\groovy-2.5.8.jar;C:\Users\jdeshmukh\.m2\repository\org\codehaus\groovy\groovy-xml\2.5.8\groovy-xml-2.5.8.jar;C:\Users\jdeshmukh\.m2\repository\org\apache\httpcomponents\httpclient\4.5.10\httpclient-4.5.10.jar;C:\Users\jdeshmukh\.m2\repository\org\apache\httpcomponents\httpcore\4.4.13\httpcore-4.4.13.jar;C:\Users\jdeshmukh\.m2\repository\commons-codec\commons-codec\1.13\commons-codec-1.13.jar;C:\Users\jdeshmukh\.m2\repository\org\apache\httpcomponents\httpmime\4.5.3\httpmime-4.5.3.jar;C:\Users\jdeshmukh\.m2\repository\org\hamcrest\hamcrest\2.1\hamcrest-2.1.jar;C:\Users\jdeshmukh\.m2\repository\org\ccil\cowan\tagsoup\tagsoup\1.2.1\tagsoup-1.2.1.jar;C:\Users\jdeshmukh\.m2\repository\io\rest-assured\json-path\4.1.2\json-path-4.1.2.jar;C:\Users\jdeshmukh\.m2\repository\org\codehaus\groovy\groovy-json\2.5.8\groovy-json-2.5.8.jar;C:\Users\jdeshmukh\.m2\repository\io\rest-assured\rest-assured-common\4.1.2\rest-assured-common-4.1.2.jar;C:\Users\jdeshmukh\.m2\repository\io\rest-assured\xml-path\4.1.2\xml-path-4.1.2.jar;C:\Users\jdeshmukh\.m2\repository\org\apache\commons\commons-lang3\3.9\commons-lang3-3.9.jar;C:\Users\jdeshmukh\.m2\repository\javax\xml\bind\jaxb-api\2.3.1\jaxb-api-2.3.1.jar;C:\Users\jdeshmukh\.m2\repository\org\apache\sling\org.apache.sling.javax.activation\0.1.0\org.apache.sling.javax.activation-0.1.0.jar;C:\Users\jdeshmukh\.m2\repository\io\quarkus\quarkus-hibernate-orm\1.2.0.Final\quarkus-hibernate-orm-1.2.0.Final.jar;C:\Users\jdeshmukh\.m2\repository\io\quarkus\quarkus-agroal\1.2.0.Final\quarkus-agroal-1.2.0.Final.jar;C:\Users\jdeshmukh\.m2\repository\org\jboss\narayana\jta\narayana-jta\5.10.0.Final\narayana-jta-5.10.0.Final.jar;C:\Users\jdeshmukh\.m2\repository\org\jboss\jboss-transaction-spi\7.6.0.Final\jboss-transaction-spi-7.6.0.Final.jar;C:\Users\jdeshmukh\.m2\repository\org\jboss\spec\javax\resource\jboss-connector-api_1.7_spec\1.0.0.Final\jboss-connector-api_1.7_spec-1.0.0.Final.jar;C:\Users\jdeshmukh\.m2\repository\org\jboss\narayana\jts\narayana-jts-integration\5.10.0.Final\narayana-jts-integration-5.10.0.Final.jar;C:\Users\jdeshmukh\.m2\repository\io\agroal\agroal-api\1.7\agroal-api-1.7.jar;C:\Users\jdeshmukh\.m2\repository\io\agroal\agroal-narayana\1.7\agroal-narayana-1.7.jar;C:\Users\jdeshmukh\.m2\repository\io\agroal\agroal-pool\1.7\agroal-pool-1.7.jar;C:\Users\jdeshmukh\.m2\repository\io\quarkus\quarkus-vault-spi\1.2.0.Final\quarkus-vault-spi-1.2.0.Final.jar;C:\Users\jdeshmukh\.m2\repository\io\quarkus\quarkus-narayana-jta\1.2.0.Final\quarkus-narayana-jta-1.2.0.Final.jar;C:\Users\jdeshmukh\.m2\repository\io\smallrye\reactive\smallrye-reactive-streams-operators\1.0.10\smallrye-reactive-streams-operators-1.0.10.jar;C:\Users\jdeshmukh\.m2\repository\org\eclipse\microprofile\reactive-streams-operators\microprofile-reactive-streams-operators-api\1.0\microprofile-reactive-streams-operators-api-1.0.jar;C:\Users\jdeshmukh\.m2\repository\org\eclipse\microprofile\reactive-streams-operators\microprofile-reactive-streams-operators-core\1.0\microprofile-reactive-streams-operators-core-1.0.jar;C:\Users\jdeshmukh\.m2\repository\io\reactivex\rxjava2\rxjava\2.2.17\rxjava-2.2.17.jar;C:\Users\jdeshmukh\.m2\repository\io\smallrye\smallrye-context-propagation-jta\1.0.11\smallrye-context-propagation-jta-1.0.11.jar;C:\Users\jdeshmukh\.m2\repository\io\smallrye\reactive\smallrye-reactive-converter-api\1.0.10\smallrye-reactive-converter-api-1.0.10.jar;C:\Users\jdeshmukh\.m2\repository\org\hibernate\hibernate-core\5.4.10.Final\hibernate-core-5.4.10.Final.jar;C:\Users\jdeshmukh\.m2\repository\net\bytebuddy\byte-buddy\1.10.2\byte-buddy-1.10.2.jar;C:\Users\jdeshmukh\.m2\repository\antlr\antlr\2.7.7\antlr-2.7.7.jar;C:\Users\jdeshmukh\.m2\repository\com\fasterxml\classmate\1.3.4\classmate-1.3.4.jar;C:\Users\jdeshmukh\.m2\repository\org\dom4j\dom4j\2.1.1\dom4j-2.1.1.jar;C:\Users\jdeshmukh\.m2\repository\org\hibernate\common\hibernate-commons-annotations\5.1.0.Final\hibernate-commons-annotations-5.1.0.Final.jar;C:\Users\jdeshmukh\.m2\repository\org\glassfish\jaxb\jaxb-runtime\2.3.3-b01\jaxb-runtime-2.3.3-b01.jar;C:\Users\jdeshmukh\.m2\repository\org\glassfish\jaxb\txw2\2.3.3-b01\txw2-2.3.3-b01.jar;C:\Users\jdeshmukh\.m2\repository\com\sun\istack\istack-commons-runtime\3.0.10\istack-commons-runtime-3.0.10.jar;C:\Users\jdeshmukh\.m2\repository\com\sun\activation\jakarta.activation\1.2.1\jakarta.activation-1.2.1.jar;C:\Users\jdeshmukh\.m2\repository\org\jboss\spec\javax\xml\bind\jboss-jaxb-api_2.3_spec\2.0.0.Final\jboss-jaxb-api_2.3_spec-2.0.0.Final.jar;C:\Users\jdeshmukh\.m2\repository\jakarta\persistence\jakarta.persistence-api\2.2.3\jakarta.persistence-api-2.2.3.jar;C:\Users\jdeshmukh\.m2\repository\jakarta\transaction\jakarta.transaction-api\1.3.3\jakarta.transaction-api-1.3.3.jar;C:\Users\jdeshmukh\.m2\repository\org\hibernate\quarkus-local-cache\0.1.0\quarkus-local-cache-0.1.0.jar;C:\Users\jdeshmukh\.m2\repository\com\github\ben-manes\caffeine\caffeine\2.8.0\caffeine-2.8.0.jar;C:\Users\jdeshmukh\.m2\repository\org\checkerframework\checker-qual\2.5.2\checker-qual-2.5.2.jar;C:\Users\jdeshmukh\.m2\repository\com\google\errorprone\error_prone_annotations\2.2.0\error_prone_annotations-2.2.0.jar;C:\Users\jdeshmukh\.m2\repository\io\quarkus\quarkus-caffeine\1.2.0.Final\quarkus-caffeine-1.2.0.Final.jar;C:\Users\jdeshmukh\.m2\repository\io\quarkus\quarkus-hibernate-validator\1.2.0.Final\quarkus-hibernate-validator-1.2.0.Final.jar;C:\Users\jdeshmukh\.m2\repository\io\quarkus\quarkus-arc\1.2.0.Final\quarkus-arc-1.2.0.Final.jar;C:\Users\jdeshmukh\.m2\repository\io\quarkus\arc\arc\1.2.0.Final\arc-1.2.0.Final.jar;C:\Users\jdeshmukh\.m2\repository\org\eclipse\microprofile\context-propagation\microprofile-context-propagation-api\1.0.1\microprofile-context-propagation-api-1.0.1.jar;C:\Users\jdeshmukh\.m2\repository\org\hibernate\validator\hibernate-validator\6.1.1.Final\hibernate-validator-6.1.1.Final.jar;C:\Users\jdeshmukh\.m2\repository\org\glassfish\jakarta.el\3.0.3\jakarta.el-3.0.3.jar;C:\Users\jdeshmukh\.m2\repository\io\quarkus\quarkus-hibernate-orm-panache\1.2.0.Final\quarkus-hibernate-orm-panache-1.2.0.Final.jar;C:\Users\jdeshmukh\.m2\repository\io\quarkus\quarkus-panache-common\1.2.0.Final\quarkus-panache-common-1.2.0.Final.jar;C:\Users\jdeshmukh\.m2\repository\io\quarkus\quarkus-jdbc-h2\1.2.0.Final\quarkus-jdbc-h2-1.2.0.Final.jar;C:\Users\jdeshmukh\.m2\repository\com\h2database\h2\1.4.197\h2-1.4.197.jar;C:\Users\jdeshmukh\.m2\repository\org\locationtech\jts\jts-core\1.15.0\jts-core-1.15.0.jar;C:\Users\jdeshmukh\.m2\repository\io\quarkus\quarkus-test-h2\1.2.0.Final\quarkus-test-h2-1.2.0.Final.jar;"/>
    <property name="sun.cpu.endian" value="little"/>
    <property name="user.home" value="C:\Users\jdeshmukh"/>
    <property name="user.language" value="en"/>
    <property name="java.specification.vendor" value="Oracle Corporation"/>
    <property name="java.home" value="C:\My Drive\Softwares\jdk1.8.0_60\jdk1.8.0_60\jre"/>
    <property name="basedir" value="C:\Users\jdeshmukh\Desktop\Demos\quarkus_demo\quarkus_demo"/>
    <property name="file.separator" value="\"/>
    <property name="line.separator" value="&#10;"/>
    <property name="java.vm.specification.vendor" value="Oracle Corporation"/>
    <property name="java.specification.name" value="Java Platform API Specification"/>
    <property name="java.awt.graphicsenv" value="sun.awt.Win32GraphicsEnvironment"/>
    <property name="surefire.real.class.path" value="C:\Users\JDESHM~1\AppData\Local\Temp\surefire4633878758937808758\surefirebooter2205188833710261840.jar"/>
    <property name="sun.boot.class.path" value="C:\My Drive\Softwares\jdk1.8.0_60\jdk1.8.0_60\jre\lib\resources.jar;C:\My Drive\Softwares\jdk1.8.0_60\jdk1.8.0_60\jre\lib\rt.jar;C:\My Drive\Softwares\jdk1.8.0_60\jdk1.8.0_60\jre\lib\sunrsasign.jar;C:\My Drive\Softwares\jdk1.8.0_60\jdk1.8.0_60\jre\lib\jsse.jar;C:\My Drive\Softwares\jdk1.8.0_60\jdk1.8.0_60\jre\lib\jce.jar;C:\My Drive\Softwares\jdk1.8.0_60\jdk1.8.0_60\jre\lib\charsets.jar;C:\My Drive\Softwares\jdk1.8.0_60\jdk1.8.0_60\jre\lib\jfr.jar;C:\My Drive\Softwares\jdk1.8.0_60\jdk1.8.0_60\jre\classes"/>
    <property name="user.script" value=""/>
    <property name="sun.management.compiler" value="HotSpot 64-Bit Tiered Compilers"/>
    <property name="java.runtime.version" value="1.8.0_60-b27"/>
    <property name="user.name" value="jdeshmukh"/>
    <property name="path.separator" value=";"/>
    <property name="os.version" value="10.0"/>
    <property name="java.endorsed.dirs" value="C:\My Drive\Softwares\jdk1.8.0_60\jdk1.8.0_60\jre\lib\endorsed"/>
    <property name="java.runtime.name" value="Java(TM) SE Runtime Environment"/>
    <property name="file.encoding" value="Cp1252"/>
    <property name="java.vm.name" value="Java HotSpot(TM) 64-Bit Server VM"/>
    <property name="localRepository" value="C:\Users\jdeshmukh\.m2\repository"/>
    <property name="java.vendor.url.bug" value="http://bugreport.sun.com/bugreport/"/>
    <property name="java.io.tmpdir" value="C:\Users\JDESHM~1\AppData\Local\Temp\"/>
    <property name="java.version" value="1.8.0_60"/>
    <property name="user.dir" value="C:\Users\jdeshmukh\Desktop\Demos\quarkus_demo\quarkus_demo"/>
    <property name="os.arch" value="amd64"/>
    <property name="java.vm.specification.name" value="Java Virtual Machine Specification"/>
    <property name="java.awt.printerjob" value="sun.awt.windows.WPrinterJob"/>
    <property name="sun.os.patch.level" value=""/>
    <property name="java.util.logging.manager" value="org.jboss.logmanager.LogManager"/>
    <property name="java.library.path" value="C:\My Drive\Softwares\jdk1.8.0_60\jdk1.8.0_60\jre\bin;C:\WINDOWS\Sun\Java\bin;C:\WINDOWS\system32;C:\WINDOWS;C:/My Drive/Softwares/jdk1.8.0_60/jdk1.8.0_60/bin/../jre/bin/server;C:/My Drive/Softwares/jdk1.8.0_60/jdk1.8.0_60/bin/../jre/bin;C:/My Drive/Softwares/jdk1.8.0_60/jdk1.8.0_60/bin/../jre/lib/amd64;C:\Program Files (x86)\Intel\iCLS Client\;C:\Program Files\Intel\iCLS Client\;C:\WINDOWS\system32;C:\WINDOWS;C:\WINDOWS\System32\Wbem;C:\WINDOWS\System32\WindowsPowerShell\v1.0\;C:\Program Files\Intel\WiFi\bin\;C:\Program Files\Common Files\Intel\WirelessCommon\;C:\Program Files (x86)\Intel\Intel(R) Management Engine Components\DAL;C:\Program Files\Intel\Intel(R) Management Engine Components\DAL;C:\Program Files (x86)\Intel\Intel(R) Management Engine Components\IPT;C:\Program Files\Intel\Intel(R) Management Engine Components\IPT;C:\Program Files\Dell\Dell Data Protection\Drivers\TSS\bin\;C:\Program Files\Dell\Dell Data Protection\Encryption\;C:\My Drive\Softwares\jdk1.8.0_60\jdk1.8.0_60\bin;C:\Program Files\PuTTY\;C:\Program Files\Git\cmd;C:\Gradle\gradle-5.4.1\bin;C:\Users\jdeshmukh\Desktop\Test\RaveDataIngestion_19_Jully;C:\Users\jdeshmukh\AppData\Local\Microsoft\WindowsApps;C:\Gradle\gradle-5.4.1\bin;C:\Users\jdeshmukh\Desktop\Test\RaveDataIngestion;;C:\My Drive\Softwares\Eclipse-kepler\Eclipse-kepler\eclipse;;."/>
    <property name="java.vm.info" value="mixed mode"/>
    <property name="java.vendor" value="Oracle Corporation"/>
    <property name="java.vm.version" value="25.60-b23"/>
    <property name="java.ext.dirs" value="C:\My Drive\Softwares\jdk1.8.0_60\jdk1.8.0_60\jre\lib\ext;C:\WINDOWS\Sun\Java\lib\ext"/>
    <property name="sun.io.unicode.encoding" value="UnicodeLittle"/>
    <property name="java.class.version" value="52.0"/>
  </properties>
  <testcase name="testGetAllOrders" classname="com.example.quarkus.OrderServiceTest" time="3.69">
    <failure message="3 expectations failed.&#10;Response body doesn&apos;t match expectation.&#10;Expected: a string containing &quot;TV&quot;&#10;  Actual: []&#10;&#10;Response body doesn&apos;t match expectation.&#10;Expected: a string containing &quot;Cricket Bat&quot;&#10;  Actual: []&#10;&#10;Response body doesn&apos;t match expectation.&#10;Expected: a string containing &quot;Iphone-X&quot;&#10;  Actual: []&#10;" type="java.lang.AssertionError">java.lang.AssertionError: 
3 expectations failed.
Response body doesn't match expectation.
Expected: a string containing "TV"
  Actual: []

Response body doesn't match expectation.
Expected: a string containing "Cricket Bat"
  Actual: []

Response body doesn't match expectation.
Expected: a string containing "Iphone-X"
  Actual: []

	at com.example.quarkus.OrderServiceTest.testGetAllOrders(OrderServiceTest.java:20)
</failure>
    <system-out><![CDATA[Hibernate: 
    
    create table order_table (
       id bigint not null,
        itemName varchar(255),
        orderBy varchar(255),
        orderDate varchar(255),
        primary key (id)
    )
Hibernate: create sequence hibernate_sequence start with 1 increment by 1
2020-02-21 22:34:49,531 INFO  [io.quarkus] (main) Quarkus 1.2.0.Final started in 6.087s. Listening on: http://0.0.0.0:8081
2020-02-21 22:34:49,536 INFO  [io.quarkus] (main) Profile test activated. 
2020-02-21 22:34:49,536 INFO  [io.quarkus] (main) Installed features: [agroal, cdi, hibernate-orm, hibernate-orm-panache, hibernate-validator, jdbc-h2, narayana-jta, resteasy, resteasy-jsonb]
Hibernate: 
    select
        order0_.id as id1_0_,
        order0_.itemName as itemName2_0_,
        order0_.orderBy as orderBy3_0_,
        order0_.orderDate as orderDat4_0_ 
    from
        order_table order0_ limit ?
2020-02-21 22:34:52,788 INFO  [org.hib.eng.int.StatisticalLoggingSessionEventListener] (executor-thread-1) Session Metrics {
    1205333 nanoseconds spent acquiring 1 JDBC connections;
    45538 nanoseconds spent releasing 1 JDBC connections;
    15309942 nanoseconds spent preparing 1 JDBC statements;
    288821 nanoseconds spent executing 1 JDBC statements;
    0 nanoseconds spent executing 0 JDBC batches;
    0 nanoseconds spent performing 0 L2C puts;
    0 nanoseconds spent performing 0 L2C hits;
    0 nanoseconds spent performing 0 L2C misses;
    0 nanoseconds spent executing 0 flushes (flushing a total of 0 entities and 0 collections);
    0 nanoseconds spent executing 0 partial-flushes (flushing a total of 0 entities and 0 collections)
}
]]></system-out>
  </testcase>
</testsuite>